######################BEGIN######################
Converted quads in UV map of Cylinder to tris.
Exporting UV texture coordinates for Cylinder
Exporting Cylinder
Header Information
Ident: IDP3
Version: 15
Name: 
Flags: 0
Number of Frames: 250
Number of Tags: 0
Number of Surfaces: 1
Number of Skins: 0
Offset Frames: 108
Offset Tags: 14108
Offset Surfaces: 14108
Offset end: 4190708
Total Shaders: 1
Total Triangles: 3496
Total Vertices: 2059
MD3 saved to /home/consta_n/Epitech/rendu/cpp_indie_studio/media/column.md3
Elapsed 13.14138 seconds
